<?xml version="1.0" encoding="UTF-8"?>
<!-- Generated by org.testng.reporters.JUnitReportReporter -->
<testsuite hostname="Lyazzats-MacBook-Pro.local" name="com.qa.verizon.test.MainPageTest" tests="2" failures="0" timestamp="23 Jul 2020 09:21:16 GMT" time="0.937" errors="0">
  <testcase name="verifyPageTitleTest" time="0.039" classname="com.qa.verizon.test.MainPageTest"/>
  <testcase name="TestClickSmartphones" time="0.898" classname="com.qa.verizon.test.MainPageTest"/>
</testsuite> <!-- com.qa.verizon.test.MainPageTest -->
