<?xml version="1.0" encoding="UTF-8"?>
<!-- Generated by org.testng.reporters.JUnitReportReporter -->
<testsuite hostname="Lyazzats-MacBook-Pro.local" name="com.qa.verizon.test.SmartphonePageTest" tests="2" failures="0" timestamp="23 Jul 2020 09:21:16 GMT" time="2.079" errors="0">
  <testcase name="SwitchToSmartphonePage" time="2.029" classname="com.qa.verizon.test.SmartphonePageTest"/>
  <testcase name="verifyPageTitleTest" time="0.050" classname="com.qa.verizon.test.SmartphonePageTest"/>
</testsuite> <!-- com.qa.verizon.test.SmartphonePageTest -->
